This file contains any messages produced by compilers while
running configure, to aid debugging if configure makes a mistake.

It was created by configure, which was
generated by GNU Autoconf 2.59.  Invocation command line was

  $ ./configure 

## --------- ##
## Platform. ##
## --------- ##

hostname = MiniApfel.local
uname -m = x86_64
uname -r = 14.1.0
uname -s = Darwin
uname -v = Darwin Kernel Version 14.1.0: Mon Dec 22 23:10:38 PST 2014; root:xnu-2782.10.72~2/RELEASE_X86_64

/usr/bin/uname -p = i386
/bin/uname -X     = unknown

/bin/arch              = unknown
/usr/bin/arch -k       = unknown
/usr/convex/getsysinfo = unknown
hostinfo               = Mach kernel version:
	 Darwin Kernel Version 14.1.0: Mon Dec 22 23:10:38 PST 2014; root:xnu-2782.10.72~2/RELEASE_X86_64
Kernel configured for up to 4 processors.
2 processors are physically available.
4 processors are logically available.
Processor type: i486 (Intel 80486)
Processors active: 0 1 2 3
Primary memory available: 8.00 gigabytes
Default processor set: 277 tasks, 1303 threads, 4 processors
Load average: 1.92, Mach factor: 2.07
/bin/machine           = unknown
/usr/bin/oslevel       = unknown
/bin/universe          = unknown

PATH: /opt/local/bin
PATH: /opt/local/sbin
PATH: /opt/local/bin
PATH: /opt/local/sbin
PATH: /Users/spirou/bin
PATH: /opt/local/bin
PATH: /opt/local/sbin
PATH: /usr/local/bin
PATH: /usr/bin
PATH: /bin
PATH: /usr/sbin
PATH: /sbin
PATH: /opt/X11/bin


## ----------- ##
## Core tests. ##
## ----------- ##

configure:1540: checking build system type
configure:1558: result: i686-apple-darwin14.1.0
configure:1566: checking host system type
configure:1580: result: i686-apple-darwin14.1.0
configure:1588: checking target system type
configure:1602: result: i686-apple-darwin14.1.0
configure:1648: checking for a BSD-compatible install
configure:1703: result: /usr/bin/install -c
configure:1714: checking whether build environment is sane
configure:1757: result: yes
configure:1768: WARNING: `missing' script is too old or missing
configure:1809: checking for gawk
configure:1838: result: no
configure:1809: checking for mawk
configure:1838: result: no
configure:1809: checking for nawk
configure:1838: result: no
configure:1809: checking for awk
configure:1825: found /usr/bin/awk
configure:1835: result: awk
configure:1845: checking whether make sets $(MAKE)
configure:1865: result: yes
configure:2086: checking for gcc
configure:2102: found /usr/bin/gcc
configure:2112: result: gcc
configure:2356: checking for C compiler version
configure:2359: gcc --version </dev/null >&5
Configured with: --prefix=/Applications/Xcode.app/Contents/Developer/usr --with-gxx-include-dir=/usr/include/c++/4.2.1
Apple LLVM version 6.0 (clang-600.0.56) (based on LLVM 3.5svn)
Target: x86_64-apple-darwin14.1.0
Thread model: posix
configure:2362: $? = 0
configure:2364: gcc -v </dev/null >&5
Configured with: --prefix=/Applications/Xcode.app/Contents/Developer/usr --with-gxx-include-dir=/usr/include/c++/4.2.1
Apple LLVM version 6.0 (clang-600.0.56) (based on LLVM 3.5svn)
Target: x86_64-apple-darwin14.1.0
Thread model: posix
configure:2367: $? = 0
configure:2369: gcc -V </dev/null >&5
clang: error: argument to '-V' is missing (expected 1 value)
clang: error: no input files
configure:2372: $? = 1
configure:2395: checking for C compiler default output file name
configure:2398: gcc    conftest.c  >&5
configure:2401: $? = 0
configure:2447: result: a.out
configure:2452: checking whether the C compiler works
configure:2458: ./a.out
configure:2461: $? = 0
configure:2478: result: yes
configure:2485: checking whether we are cross compiling
configure:2487: result: no
configure:2490: checking for suffix of executables
configure:2492: gcc -o conftest    conftest.c  >&5
configure:2495: $? = 0
configure:2520: result: 
configure:2526: checking for suffix of object files
configure:2547: gcc -c   conftest.c >&5
configure:2550: $? = 0
configure:2572: result: o
configure:2576: checking whether we are using the GNU C compiler
configure:2600: gcc -c   conftest.c >&5
configure:2606: $? = 0
configure:2610: test -z 
			 || test ! -s conftest.err
configure:2613: $? = 0
configure:2616: test -s conftest.o
configure:2619: $? = 0
configure:2632: result: yes
configure:2638: checking whether gcc accepts -g
configure:2659: gcc -c -g  conftest.c >&5
configure:2665: $? = 0
configure:2669: test -z 
			 || test ! -s conftest.err
configure:2672: $? = 0
configure:2675: test -s conftest.o
configure:2678: $? = 0
configure:2689: result: yes
configure:2706: checking for gcc option to accept ANSI C
configure:2776: gcc  -c -g -O2  conftest.c >&5
configure:2782: $? = 0
configure:2786: test -z 
			 || test ! -s conftest.err
configure:2789: $? = 0
configure:2792: test -s conftest.o
configure:2795: $? = 0
configure:2813: result: none needed
configure:2831: gcc -c -g -O2  conftest.c >&5
conftest.c:2:3: error: unknown type name 'choke'
  choke me
  ^
conftest.c:2:11: error: expected ';' after top level declarator
  choke me
          ^
          ;
2 errors generated.
configure:2837: $? = 1
configure: failed program was:
| #ifndef __cplusplus
|   choke me
| #endif
configure:2981: checking for style of include used by make
configure:3009: result: GNU
configure:3037: checking dependency style of gcc
configure:3127: result: gcc3
configure:3149: checking how to run the C preprocessor
configure:3184: gcc -E  conftest.c
configure:3190: $? = 0
configure:3222: gcc -E  conftest.c
conftest.c:11:10: fatal error: 'ac_nonexistent.h' file not found
#include <ac_nonexistent.h>
         ^
1 error generated.
configure:3228: $? = 1
configure: failed program was:
| /* confdefs.h.  */
| 
| #define PACKAGE_NAME ""
| #define PACKAGE_TARNAME ""
| #define PACKAGE_VERSION ""
| #define PACKAGE_STRING ""
| #define PACKAGE_BUGREPORT ""
| #define PACKAGE "The_Demo_Effects_Collection"
| #define VERSION "0.7.2"
| /* end confdefs.h.  */
| #include <ac_nonexistent.h>
configure:3267: result: gcc -E
configure:3291: gcc -E  conftest.c
configure:3297: $? = 0
configure:3329: gcc -E  conftest.c
conftest.c:11:10: fatal error: 'ac_nonexistent.h' file not found
#include <ac_nonexistent.h>
         ^
1 error generated.
configure:3335: $? = 1
configure: failed program was:
| /* confdefs.h.  */
| 
| #define PACKAGE_NAME ""
| #define PACKAGE_TARNAME ""
| #define PACKAGE_VERSION ""
| #define PACKAGE_STRING ""
| #define PACKAGE_BUGREPORT ""
| #define PACKAGE "The_Demo_Effects_Collection"
| #define VERSION "0.7.2"
| /* end confdefs.h.  */
| #include <ac_nonexistent.h>
configure:3468: checking for a sed that does not truncate output
configure:3522: result: /usr/bin/sed
configure:3525: checking for egrep
configure:3535: result: grep -E
configure:3551: checking for ld used by gcc
configure:3618: result: /Applications/Xcode.app/Contents/Developer/Toolchains/XcodeDefault.xctoolchain/usr/bin/ld
configure:3627: checking if the linker (/Applications/Xcode.app/Contents/Developer/Toolchains/XcodeDefault.xctoolchain/usr/bin/ld) is GNU ld
configure:3642: result: no
configure:3647: checking for /Applications/Xcode.app/Contents/Developer/Toolchains/XcodeDefault.xctoolchain/usr/bin/ld option to reload object files
configure:3654: result: -r
configure:3672: checking for BSD-compatible nm
configure:3714: result: /usr/bin/nm
configure:3718: checking whether ln -s works
configure:3722: result: yes
configure:3729: checking how to recognise dependent libraries
configure:3901: result: pass_all
configure:4111: checking for ANSI C header files
configure:4136: gcc -c -g -O2  conftest.c >&5
configure:4142: $? = 0
configure:4146: test -z 
			 || test ! -s conftest.err
configure:4149: $? = 0
configure:4152: test -s conftest.o
configure:4155: $? = 0
configure:4244: gcc -o conftest -g -O2   conftest.c  >&5
conftest.c:28:7: warning: implicitly declaring library function 'exit' with type 'void (int) __attribute__((noreturn))'
      exit(2);
      ^
conftest.c:28:7: note: please include the header <stdlib.h> or explicitly provide a declaration for 'exit'
1 warning generated.
configure:4247: $? = 0
configure:4249: ./conftest
configure:4252: $? = 0
configure:4267: result: yes
configure:4291: checking for sys/types.h
configure:4307: gcc -c -g -O2  conftest.c >&5
configure:4313: $? = 0
configure:4317: test -z 
			 || test ! -s conftest.err
configure:4320: $? = 0
configure:4323: test -s conftest.o
configure:4326: $? = 0
configure:4337: result: yes
configure:4291: checking for sys/stat.h
configure:4307: gcc -c -g -O2  conftest.c >&5
configure:4313: $? = 0
configure:4317: test -z 
			 || test ! -s conftest.err
configure:4320: $? = 0
configure:4323: test -s conftest.o
configure:4326: $? = 0
configure:4337: result: yes
configure:4291: checking for stdlib.h
configure:4307: gcc -c -g -O2  conftest.c >&5
configure:4313: $? = 0
configure:4317: test -z 
			 || test ! -s conftest.err
configure:4320: $? = 0
configure:4323: test -s conftest.o
configure:4326: $? = 0
configure:4337: result: yes
configure:4291: checking for string.h
configure:4307: gcc -c -g -O2  conftest.c >&5
configure:4313: $? = 0
configure:4317: test -z 
			 || test ! -s conftest.err
configure:4320: $? = 0
configure:4323: test -s conftest.o
configure:4326: $? = 0
configure:4337: result: yes
configure:4291: checking for memory.h
configure:4307: gcc -c -g -O2  conftest.c >&5
configure:4313: $? = 0
configure:4317: test -z 
			 || test ! -s conftest.err
configure:4320: $? = 0
configure:4323: test -s conftest.o
configure:4326: $? = 0
configure:4337: result: yes
configure:4291: checking for strings.h
configure:4307: gcc -c -g -O2  conftest.c >&5
configure:4313: $? = 0
configure:4317: test -z 
			 || test ! -s conftest.err
configure:4320: $? = 0
configure:4323: test -s conftest.o
configure:4326: $? = 0
configure:4337: result: yes
configure:4291: checking for inttypes.h
configure:4307: gcc -c -g -O2  conftest.c >&5
configure:4313: $? = 0
configure:4317: test -z 
			 || test ! -s conftest.err
configure:4320: $? = 0
configure:4323: test -s conftest.o
configure:4326: $? = 0
configure:4337: result: yes
configure:4291: checking for stdint.h
configure:4307: gcc -c -g -O2  conftest.c >&5
configure:4313: $? = 0
configure:4317: test -z 
			 || test ! -s conftest.err
configure:4320: $? = 0
configure:4323: test -s conftest.o
configure:4326: $? = 0
configure:4337: result: yes
configure:4291: checking for unistd.h
configure:4307: gcc -c -g -O2  conftest.c >&5
configure:4313: $? = 0
configure:4317: test -z 
			 || test ! -s conftest.err
configure:4320: $? = 0
configure:4323: test -s conftest.o
configure:4326: $? = 0
configure:4337: result: yes
configure:4363: checking dlfcn.h usability
configure:4375: gcc -c -g -O2  conftest.c >&5
configure:4381: $? = 0
configure:4385: test -z 
			 || test ! -s conftest.err
configure:4388: $? = 0
configure:4391: test -s conftest.o
configure:4394: $? = 0
configure:4404: result: yes
configure:4408: checking dlfcn.h presence
configure:4418: gcc -E  conftest.c
configure:4424: $? = 0
configure:4444: result: yes
configure:4479: checking for dlfcn.h
configure:4486: result: yes
configure:4551: checking for g++
configure:4567: found /usr/bin/g++
configure:4577: result: g++
configure:4593: checking for C++ compiler version
configure:4596: g++ --version </dev/null >&5
Configured with: --prefix=/Applications/Xcode.app/Contents/Developer/usr --with-gxx-include-dir=/usr/include/c++/4.2.1
Apple LLVM version 6.0 (clang-600.0.56) (based on LLVM 3.5svn)
Target: x86_64-apple-darwin14.1.0
Thread model: posix
configure:4599: $? = 0
configure:4601: g++ -v </dev/null >&5
Configured with: --prefix=/Applications/Xcode.app/Contents/Developer/usr --with-gxx-include-dir=/usr/include/c++/4.2.1
Apple LLVM version 6.0 (clang-600.0.56) (based on LLVM 3.5svn)
Target: x86_64-apple-darwin14.1.0
Thread model: posix
configure:4604: $? = 0
configure:4606: g++ -V </dev/null >&5
clang: error: argument to '-V' is missing (expected 1 value)
clang: error: no input files
configure:4609: $? = 1
configure:4612: checking whether we are using the GNU C++ compiler
configure:4636: g++ -c   conftest.cc >&5
configure:4642: $? = 0
configure:4646: test -z 
			 || test ! -s conftest.err
configure:4649: $? = 0
configure:4652: test -s conftest.o
configure:4655: $? = 0
configure:4668: result: yes
configure:4674: checking whether g++ accepts -g
configure:4695: g++ -c -g  conftest.cc >&5
configure:4701: $? = 0
configure:4705: test -z 
			 || test ! -s conftest.err
configure:4708: $? = 0
configure:4711: test -s conftest.o
configure:4714: $? = 0
configure:4725: result: yes
configure:4767: g++ -c -g -O2  conftest.cc >&5
configure:4773: $? = 0
configure:4777: test -z 
			 || test ! -s conftest.err
configure:4780: $? = 0
configure:4783: test -s conftest.o
configure:4786: $? = 0
configure:4812: g++ -c -g -O2  conftest.cc >&5
conftest.cc:26:1: error: use of undeclared identifier 'exit'
exit (42);
^
1 error generated.
configure:4818: $? = 1
configure: failed program was:
| /* confdefs.h.  */
| 
| #define PACKAGE_NAME ""
| #define PACKAGE_TARNAME ""
| #define PACKAGE_VERSION ""
| #define PACKAGE_STRING ""
| #define PACKAGE_BUGREPORT ""
| #define PACKAGE "The_Demo_Effects_Collection"
| #define VERSION "0.7.2"
| #define STDC_HEADERS 1
| #define HAVE_SYS_TYPES_H 1
| #define HAVE_SYS_STAT_H 1
| #define HAVE_STDLIB_H 1
| #define HAVE_STRING_H 1
| #define HAVE_MEMORY_H 1
| #define HAVE_STRINGS_H 1
| #define HAVE_INTTYPES_H 1
| #define HAVE_STDINT_H 1
| #define HAVE_UNISTD_H 1
| #define HAVE_DLFCN_H 1
| /* end confdefs.h.  */
| 
| int
| main ()
| {
| exit (42);
|   ;
|   return 0;
| }
configure:4767: g++ -c -g -O2  conftest.cc >&5
conftest.cc:22:17: error: use of undeclared identifier 'std'
extern "C" void std::exit (int) throw (); using std::exit;
                ^
conftest.cc:22:49: error: use of undeclared identifier 'std'
extern "C" void std::exit (int) throw (); using std::exit;
                                                ^
2 errors generated.
configure:4773: $? = 1
configure: failed program was:
| /* confdefs.h.  */
| 
| #define PACKAGE_NAME ""
| #define PACKAGE_TARNAME ""
| #define PACKAGE_VERSION ""
| #define PACKAGE_STRING ""
| #define PACKAGE_BUGREPORT ""
| #define PACKAGE "The_Demo_Effects_Collection"
| #define VERSION "0.7.2"
| #define STDC_HEADERS 1
| #define HAVE_SYS_TYPES_H 1
| #define HAVE_SYS_STAT_H 1
| #define HAVE_STDLIB_H 1
| #define HAVE_STRING_H 1
| #define HAVE_MEMORY_H 1
| #define HAVE_STRINGS_H 1
| #define HAVE_INTTYPES_H 1
| #define HAVE_STDINT_H 1
| #define HAVE_UNISTD_H 1
| #define HAVE_DLFCN_H 1
| /* end confdefs.h.  */
| extern "C" void std::exit (int) throw (); using std::exit;
| #include <stdlib.h>
| int
| main ()
| {
| exit (42);
|   ;
|   return 0;
| }
configure:4767: g++ -c -g -O2  conftest.cc >&5
conftest.cc:22:17: error: use of undeclared identifier 'std'
extern "C" void std::exit (int); using std::exit;
                ^
conftest.cc:22:40: error: use of undeclared identifier 'std'
extern "C" void std::exit (int); using std::exit;
                                       ^
2 errors generated.
configure:4773: $? = 1
configure: failed program was:
| /* confdefs.h.  */
| 
| #define PACKAGE_NAME ""
| #define PACKAGE_TARNAME ""
| #define PACKAGE_VERSION ""
| #define PACKAGE_STRING ""
| #define PACKAGE_BUGREPORT ""
| #define PACKAGE "The_Demo_Effects_Collection"
| #define VERSION "0.7.2"
| #define STDC_HEADERS 1
| #define HAVE_SYS_TYPES_H 1
| #define HAVE_SYS_STAT_H 1
| #define HAVE_STDLIB_H 1
| #define HAVE_STRING_H 1
| #define HAVE_MEMORY_H 1
| #define HAVE_STRINGS_H 1
| #define HAVE_INTTYPES_H 1
| #define HAVE_STDINT_H 1
| #define HAVE_UNISTD_H 1
| #define HAVE_DLFCN_H 1
| /* end confdefs.h.  */
| extern "C" void std::exit (int); using std::exit;
| #include <stdlib.h>
| int
| main ()
| {
| exit (42);
|   ;
|   return 0;
| }
configure:4767: g++ -c -g -O2  conftest.cc >&5
configure:4773: $? = 0
configure:4777: test -z 
			 || test ! -s conftest.err
configure:4780: $? = 0
configure:4783: test -s conftest.o
configure:4786: $? = 0
configure:4812: g++ -c -g -O2  conftest.cc >&5
configure:4818: $? = 0
configure:4822: test -z 
			 || test ! -s conftest.err
configure:4825: $? = 0
configure:4828: test -s conftest.o
configure:4831: $? = 0
configure:4856: checking dependency style of g++
configure:4946: result: gcc3
configure:4973: checking how to run the C++ preprocessor
configure:5004: g++ -E  conftest.cc
configure:5010: $? = 0
configure:5042: g++ -E  conftest.cc
conftest.cc:25:10: fatal error: 'ac_nonexistent.h' file not found
#include <ac_nonexistent.h>
         ^
1 error generated.
configure:5048: $? = 1
configure: failed program was:
| /* confdefs.h.  */
| 
| #define PACKAGE_NAME ""
| #define PACKAGE_TARNAME ""
| #define PACKAGE_VERSION ""
| #define PACKAGE_STRING ""
| #define PACKAGE_BUGREPORT ""
| #define PACKAGE "The_Demo_Effects_Collection"
| #define VERSION "0.7.2"
| #define STDC_HEADERS 1
| #define HAVE_SYS_TYPES_H 1
| #define HAVE_SYS_STAT_H 1
| #define HAVE_STDLIB_H 1
| #define HAVE_STRING_H 1
| #define HAVE_MEMORY_H 1
| #define HAVE_STRINGS_H 1
| #define HAVE_INTTYPES_H 1
| #define HAVE_STDINT_H 1
| #define HAVE_UNISTD_H 1
| #define HAVE_DLFCN_H 1
| #ifdef __cplusplus
| extern "C" void exit (int) throw ();
| #endif
| /* end confdefs.h.  */
| #include <ac_nonexistent.h>
configure:5087: result: g++ -E
configure:5111: g++ -E  conftest.cc
configure:5117: $? = 0
configure:5149: g++ -E  conftest.cc
conftest.cc:25:10: fatal error: 'ac_nonexistent.h' file not found
#include <ac_nonexistent.h>
         ^
1 error generated.
configure:5155: $? = 1
configure: failed program was:
| /* confdefs.h.  */
| 
| #define PACKAGE_NAME ""
| #define PACKAGE_TARNAME ""
| #define PACKAGE_VERSION ""
| #define PACKAGE_STRING ""
| #define PACKAGE_BUGREPORT ""
| #define PACKAGE "The_Demo_Effects_Collection"
| #define VERSION "0.7.2"
| #define STDC_HEADERS 1
| #define HAVE_SYS_TYPES_H 1
| #define HAVE_SYS_STAT_H 1
| #define HAVE_STDLIB_H 1
| #define HAVE_STRING_H 1
| #define HAVE_MEMORY_H 1
| #define HAVE_STRINGS_H 1
| #define HAVE_INTTYPES_H 1
| #define HAVE_STDINT_H 1
| #define HAVE_UNISTD_H 1
| #define HAVE_DLFCN_H 1
| #ifdef __cplusplus
| extern "C" void exit (int) throw ();
| #endif
| /* end confdefs.h.  */
| #include <ac_nonexistent.h>
configure:5252: checking for g77
configure:5281: result: no
configure:5252: checking for f77
configure:5281: result: no
configure:5252: checking for xlf
configure:5281: result: no
configure:5252: checking for frt
configure:5281: result: no
configure:5252: checking for pgf77
configure:5281: result: no
configure:5252: checking for fort77
configure:5281: result: no
configure:5252: checking for fl32
configure:5281: result: no
configure:5252: checking for af77
configure:5281: result: no
configure:5252: checking for f90
configure:5281: result: no
configure:5252: checking for xlf90
configure:5281: result: no
configure:5252: checking for pgf90
configure:5281: result: no
configure:5252: checking for epcf90
configure:5281: result: no
configure:5252: checking for f95
configure:5281: result: no
configure:5252: checking for fort
configure:5281: result: no
configure:5252: checking for xlf95
configure:5281: result: no
configure:5252: checking for ifc
configure:5281: result: no
configure:5252: checking for efc
configure:5281: result: no
configure:5252: checking for pgf95
configure:5281: result: no
configure:5252: checking for lf95
configure:5281: result: no
configure:5252: checking for gfortran
configure:5281: result: no
configure:5293: checking for Fortran 77 compiler version
configure:5296:  --version </dev/null >&5
./configure: line 5297: --version: command not found
configure:5299: $? = 127
configure:5301:  -v </dev/null >&5
./configure: line 5302: -v: command not found
configure:5304: $? = 127
configure:5306:  -V </dev/null >&5
./configure: line 5307: -V: command not found
configure:5309: $? = 127
configure:5317: checking whether we are using the GNU Fortran 77 compiler
configure:5331:  -c  conftest.F >&5
./configure: line 5332: -c: command not found
configure:5337: $? = 127
configure: failed program was:
|       program main
| #ifndef __GNUC__
|        choke me
| #endif
| 
|       end
configure:5363: result: no
configure:5369: checking whether  accepts -g
configure:5381:  -c -g conftest.f >&5
./configure: line 5382: -c: command not found
configure:5387: $? = 127
configure: failed program was:
|       program main
| 
|       end
configure:5412: result: no
configure:5442: checking the maximum length of command line arguments
configure:5534: result: 196608
configure:5545: checking command to parse /usr/bin/nm output from gcc object
configure:5641: gcc -c -g -O2  conftest.c >&5
configure:5644: $? = 0
configure:5648: /usr/bin/nm conftest.o \| sed -n -e 's/^.*[ 	]\([BCDEGRST][BCDEGRST]*\)[ 	][ 	]*\([_A-Za-z][_A-Za-z0-9]*\)$/\1 \2 \2/p' \> conftest.nm
configure:5651: $? = 0
cannot find nm_test_var in conftest.nm
configure:5641: gcc -c -g -O2  conftest.c >&5
configure:5644: $? = 0
configure:5648: /usr/bin/nm conftest.o \| sed -n -e 's/^.*[ 	]\([BCDEGRST][BCDEGRST]*\)[ 	][ 	]*_\([_A-Za-z][_A-Za-z0-9]*\)$/\1 _\2 \2/p' \> conftest.nm
configure:5651: $? = 0
configure:5703: gcc -o conftest -g -O2   conftest.c conftstm.o >&5
configure:5706: $? = 0
configure:5744: result: ok
configure:5748: checking for objdir
configure:5763: result: .libs
configure:5853: checking for ar
configure:5869: found /usr/bin/ar
configure:5880: result: ar
configure:5933: checking for ranlib
configure:5949: found /usr/bin/ranlib
configure:5960: result: ranlib
configure:6013: checking for strip
configure:6029: found /usr/bin/strip
configure:6040: result: strip
configure:6327: checking if gcc static flag  works
configure:6355: result: yes
configure:6373: checking if gcc supports -fno-rtti -fno-exceptions
configure:6391: gcc -c -g -O2  -fno-rtti -fno-exceptions conftest.c >&5
configure:6395: $? = 0
configure:6408: result: yes
configure:6423: checking for gcc option to produce PIC
configure:6627: result: -fno-common
configure:6635: checking if gcc PIC flag -fno-common works
configure:6653: gcc -c -g -O2  -fno-common -DPIC conftest.c >&5
configure:6657: $? = 0
configure:6670: result: yes
configure:6694: checking if gcc supports -c -o file.o
configure:6715: gcc -c -g -O2  -o out/conftest2.o conftest.c >&5
configure:6719: $? = 0
configure:6741: result: yes
configure:6767: checking whether the gcc linker (/Applications/Xcode.app/Contents/Developer/Toolchains/XcodeDefault.xctoolchain/usr/bin/ld) supports shared libraries
configure:7663: result: yes
configure:7734: checking dynamic linker characteristics
configure:8280: result: darwin14.1.0 dyld
configure:8284: checking how to hardcode library paths into programs
configure:8309: result: immediate
configure:8323: checking whether stripping libraries is possible
configure:8336: result: yes
configure:8377: checking for dlopen in -ldl
configure:8407: gcc -o conftest -g -O2   conftest.c -ldl   >&5
configure:8413: $? = 0
configure:8417: test -z 
			 || test ! -s conftest.err
configure:8420: $? = 0
configure:8423: test -s conftest
configure:8426: $? = 0
configure:8439: result: yes
configure:8944: checking whether a program can dlopen itself
configure:9016: gcc -o conftest -g -O2  -DHAVE_DLFCN_H   conftest.c -ldl  >&5
configure:9012:5: warning: implicitly declaring library function 'exit' with type 'void (int) __attribute__((noreturn))'
    exit (status);
    ^
configure:9012:5: note: please include the header <stdlib.h> or explicitly provide a declaration for 'exit'
1 warning generated.
configure:9019: $? = 0
configure:9037: result: yes
configure:9042: checking whether a statically linked program can dlopen itself
configure:9114: gcc -o conftest -g -O2  -DHAVE_DLFCN_H    conftest.c -ldl  >&5
configure:9110:5: warning: implicitly declaring library function 'exit' with type 'void (int) __attribute__((noreturn))'
    exit (status);
    ^
configure:9110:5: note: please include the header <stdlib.h> or explicitly provide a declaration for 'exit'
1 warning generated.
configure:9117: $? = 0
configure:9135: result: yes
configure:9158: checking if libtool supports shared libraries
configure:9160: result: yes
configure:9163: checking whether to build shared libraries
configure:9184: result: yes
configure:9187: checking whether to build static libraries
configure:9191: result: yes
configure:9283: creating libtool
configure:9861: checking for ld used by g++
configure:9928: result: /Applications/Xcode.app/Contents/Developer/Toolchains/XcodeDefault.xctoolchain/usr/bin/ld
configure:9937: checking if the linker (/Applications/Xcode.app/Contents/Developer/Toolchains/XcodeDefault.xctoolchain/usr/bin/ld) is GNU ld
configure:9952: result: no
configure:10003: checking whether the g++ linker (/Applications/Xcode.app/Contents/Developer/Toolchains/XcodeDefault.xctoolchain/usr/bin/ld) supports shared libraries
configure:10890: result: yes
configure:10908: g++ -c -g -O2  conftest.cc >&5
configure:10911: $? = 0
configure:11007: checking for g++ option to produce PIC
configure:11275: result: -fno-common
configure:11283: checking if g++ PIC flag -fno-common works
configure:11301: g++ -c -g -O2  -fno-common -DPIC conftest.cc >&5
configure:11305: $? = 0
configure:11318: result: yes
configure:11342: checking if g++ supports -c -o file.o
configure:11363: g++ -c -g -O2  -o out/conftest2.o conftest.cc >&5
configure:11367: $? = 0
configure:11389: result: yes
configure:11415: checking whether the g++ linker (/Applications/Xcode.app/Contents/Developer/Toolchains/XcodeDefault.xctoolchain/usr/bin/ld) supports shared libraries
configure:11440: result: yes
configure:11511: checking dynamic linker characteristics
configure:12057: result: darwin14.1.0 dyld
configure:12061: checking how to hardcode library paths into programs
configure:12086: result: immediate
configure:12100: checking whether stripping libraries is possible
configure:12113: result: yes
configure:12154: checking for dlopen in -ldl
configure:12216: result: yes
configure:12721: checking whether a program can dlopen itself
configure:12814: result: yes
configure:12819: checking whether a statically linked program can dlopen itself
configure:12912: result: yes
configure:19709: checking for C++ compiler version
configure:19712: g++ --version </dev/null >&5
Configured with: --prefix=/Applications/Xcode.app/Contents/Developer/usr --with-gxx-include-dir=/usr/include/c++/4.2.1
Apple LLVM version 6.0 (clang-600.0.56) (based on LLVM 3.5svn)
Target: x86_64-apple-darwin14.1.0
Thread model: posix
configure:19715: $? = 0
configure:19717: g++ -v </dev/null >&5
Configured with: --prefix=/Applications/Xcode.app/Contents/Developer/usr --with-gxx-include-dir=/usr/include/c++/4.2.1
Apple LLVM version 6.0 (clang-600.0.56) (based on LLVM 3.5svn)
Target: x86_64-apple-darwin14.1.0
Thread model: posix
configure:19720: $? = 0
configure:19722: g++ -V </dev/null >&5
clang: error: argument to '-V' is missing (expected 1 value)
clang: error: no input files
configure:19725: $? = 1
configure:19728: checking whether we are using the GNU C++ compiler
configure:19784: result: yes
configure:19790: checking whether g++ accepts -g
configure:19841: result: yes
configure:19883: g++ -c -g -O2  conftest.cc >&5
configure:19889: $? = 0
configure:19893: test -z 
			 || test ! -s conftest.err
configure:19896: $? = 0
configure:19899: test -s conftest.o
configure:19902: $? = 0
configure:19928: g++ -c -g -O2  conftest.cc >&5
configure:19934: $? = 0
configure:19938: test -z 
			 || test ! -s conftest.err
configure:19941: $? = 0
configure:19944: test -s conftest.o
configure:19947: $? = 0
configure:19972: checking dependency style of g++
configure:20062: result: gcc3
configure:20079: checking whether make sets $(MAKE)
configure:20099: result: yes
configure:20109: checking whether build environment is sane
configure:20152: result: yes
configure:20156: checking for pthread_exit in -lpthread
configure:20186: gcc -o conftest -g -O2   conftest.c -lpthread   >&5
configure:20192: $? = 0
configure:20196: test -z 
			 || test ! -s conftest.err
configure:20199: $? = 0
configure:20202: test -s conftest
configure:20205: $? = 0
configure:20218: result: yes
configure:20235: checking for SDL_Quit in -lSDL
configure:20265: gcc -o conftest -g -O2   conftest.c -lSDL -lpthread -lpthread  >&5
ld: library not found for -lSDL
clang: error: linker command failed with exit code 1 (use -v to see invocation)
configure:20271: $? = 1
configure: failed program was:
| /* confdefs.h.  */
| 
| #define PACKAGE_NAME ""
| #define PACKAGE_TARNAME ""
| #define PACKAGE_VERSION ""
| #define PACKAGE_STRING ""
| #define PACKAGE_BUGREPORT ""
| #define PACKAGE "The_Demo_Effects_Collection"
| #define VERSION "0.7.2"
| #define STDC_HEADERS 1
| #define HAVE_SYS_TYPES_H 1
| #define HAVE_SYS_STAT_H 1
| #define HAVE_STDLIB_H 1
| #define HAVE_STRING_H 1
| #define HAVE_MEMORY_H 1
| #define HAVE_STRINGS_H 1
| #define HAVE_INTTYPES_H 1
| #define HAVE_STDINT_H 1
| #define HAVE_UNISTD_H 1
| #define HAVE_DLFCN_H 1
| #ifdef __cplusplus
| extern "C" void exit (int) throw ();
| #endif
| #define HAVE_LIBPTHREAD 1
| /* end confdefs.h.  */
| 
| /* Override any gcc2 internal prototype to avoid an error.  */
| #ifdef __cplusplus
| extern "C"
| #endif
| /* We use char because int might match the return type of a gcc2
|    builtin and then its argument prototype would still apply.  */
| char SDL_Quit ();
| int
| main ()
| {
| SDL_Quit ();
|   ;
|   return 0;
| }
configure:20297: result: no
configure:20307: error: libSDL not found

## ---------------- ##
## Cache variables. ##
## ---------------- ##

ac_cv_build=i686-apple-darwin14.1.0
ac_cv_build_alias=i686-apple-darwin14.1.0
ac_cv_c_compiler_gnu=yes
ac_cv_cxx_compiler_gnu=yes
ac_cv_env_CC_set=
ac_cv_env_CC_value=
ac_cv_env_CFLAGS_set=
ac_cv_env_CFLAGS_value=
ac_cv_env_CPPFLAGS_set=
ac_cv_env_CPPFLAGS_value=
ac_cv_env_CPP_set=
ac_cv_env_CPP_value=
ac_cv_env_CXXCPP_set=
ac_cv_env_CXXCPP_value=
ac_cv_env_CXXFLAGS_set=
ac_cv_env_CXXFLAGS_value=
ac_cv_env_CXX_set=
ac_cv_env_CXX_value=
ac_cv_env_F77_set=
ac_cv_env_F77_value=
ac_cv_env_FFLAGS_set=
ac_cv_env_FFLAGS_value=
ac_cv_env_LDFLAGS_set=
ac_cv_env_LDFLAGS_value=
ac_cv_env_build_alias_set=
ac_cv_env_build_alias_value=
ac_cv_env_host_alias_set=
ac_cv_env_host_alias_value=
ac_cv_env_target_alias_set=
ac_cv_env_target_alias_value=
ac_cv_exeext=
ac_cv_f77_compiler_gnu=no
ac_cv_header_dlfcn_h=yes
ac_cv_header_inttypes_h=yes
ac_cv_header_memory_h=yes
ac_cv_header_stdc=yes
ac_cv_header_stdint_h=yes
ac_cv_header_stdlib_h=yes
ac_cv_header_string_h=yes
ac_cv_header_strings_h=yes
ac_cv_header_sys_stat_h=yes
ac_cv_header_sys_types_h=yes
ac_cv_header_unistd_h=yes
ac_cv_host=i686-apple-darwin14.1.0
ac_cv_host_alias=i686-apple-darwin14.1.0
ac_cv_lib_SDL_SDL_Quit=no
ac_cv_lib_dl_dlopen=yes
ac_cv_lib_pthread_pthread_exit=yes
ac_cv_objext=o
ac_cv_path_install='/usr/bin/install -c'
ac_cv_prog_AWK=awk
ac_cv_prog_CPP='gcc -E'
ac_cv_prog_CXXCPP='g++ -E'
ac_cv_prog_ac_ct_AR=ar
ac_cv_prog_ac_ct_CC=gcc
ac_cv_prog_ac_ct_CXX=g++
ac_cv_prog_ac_ct_RANLIB=ranlib
ac_cv_prog_ac_ct_STRIP=strip
ac_cv_prog_cc_g=yes
ac_cv_prog_cc_stdc=
ac_cv_prog_cxx_g=yes
ac_cv_prog_egrep='grep -E'
ac_cv_prog_f77_g=no
ac_cv_prog_make_make_set=yes
ac_cv_target=i686-apple-darwin14.1.0
ac_cv_target_alias=i686-apple-darwin14.1.0
am_cv_CC_dependencies_compiler_type=gcc3
am_cv_CXX_dependencies_compiler_type=gcc3
lt_cv_deplibs_check_method=pass_all
lt_cv_dlopen=dlopen
lt_cv_dlopen_libs=-ldl
lt_cv_dlopen_self=yes
lt_cv_dlopen_self_static=yes
lt_cv_file_magic_cmd='$MAGIC_CMD'
lt_cv_file_magic_test_file=
lt_cv_ld_reload_flag=-r
lt_cv_objdir=.libs
lt_cv_path_LD=/Applications/Xcode.app/Contents/Developer/Toolchains/XcodeDefault.xctoolchain/usr/bin/ld
lt_cv_path_LDCXX=/Applications/Xcode.app/Contents/Developer/Toolchains/XcodeDefault.xctoolchain/usr/bin/ld
lt_cv_path_NM=/usr/bin/nm
lt_cv_path_SED=/usr/bin/sed
lt_cv_prog_compiler_c_o=yes
lt_cv_prog_compiler_c_o_CXX=yes
lt_cv_prog_compiler_rtti_exceptions=yes
lt_cv_prog_gnu_ld=no
lt_cv_prog_gnu_ldcxx=no
lt_cv_sys_global_symbol_pipe='sed -n -e '\''s/^.*[ 	]\([BCDEGRST][BCDEGRST]*\)[ 	][ 	]*_\([_A-Za-z][_A-Za-z0-9]*\)$/\1 _\2 \2/p'\'''
lt_cv_sys_global_symbol_to_c_name_address='sed -n -e '\''s/^: \([^ ]*\) $/  {\"\1\", (lt_ptr) 0},/p'\'' -e '\''s/^[BCDEGRST] \([^ ]*\) \([^ ]*\)$/  {"\2", (lt_ptr) \&\2},/p'\'''
lt_cv_sys_global_symbol_to_cdecl='sed -n -e '\''s/^. .* \(.*\)$/extern int \1;/p'\'''
lt_cv_sys_max_cmd_len=196608
lt_lt_cv_prog_compiler_c_o='"yes"'
lt_lt_cv_prog_compiler_c_o_CXX='"yes"'
lt_lt_cv_sys_global_symbol_pipe='"sed -n -e '\''s/^.*[ 	]\\([BCDEGRST][BCDEGRST]*\\)[ 	][ 	]*_\\([_A-Za-z][_A-Za-z0-9]*\\)\$/\\1 _\\2 \\2/p'\''"'
lt_lt_cv_sys_global_symbol_to_c_name_address='"sed -n -e '\''s/^: \\([^ ]*\\) \$/  {\\\"\\1\\\", (lt_ptr) 0},/p'\'' -e '\''s/^[BCDEGRST] \\([^ ]*\\) \\([^ ]*\\)\$/  {\"\\2\", (lt_ptr) \\&\\2},/p'\''"'
lt_lt_cv_sys_global_symbol_to_cdecl='"sed -n -e '\''s/^. .* \\(.*\\)\$/extern int \\1;/p'\''"'

## ----------------- ##
## Output variables. ##
## ----------------- ##

ACLOCAL='aclocal-1.9'
AMDEPBACKSLASH='\'
AMDEP_FALSE='#'
AMDEP_TRUE=''
AMTAR='tar'
AR='ar'
AUTOCONF='autoconf'
AUTOHEADER='autoheader'
AUTOMAKE='automake-1.9'
AWK='awk'
CC='gcc'
CCDEPMODE='depmode=gcc3'
CFLAGS='-g -O2'
CPP='gcc -E'
CPPFLAGS=''
CXX='g++'
CXXCPP='g++ -E'
CXXDEPMODE='depmode=gcc3'
CXXFLAGS='-g -O2'
CYGPATH_W='echo'
DEFS=''
DEPDIR='.deps'
ECHO='/bin/echo'
ECHO_C='ECHO_N=''
ECHO_T=''
EGREP='grep -E'
EXEEXT=''
F77=''
FFLAGS=''
GCCVERSION3_FALSE=''
GCCVERSION3_TRUE=''
INCLTDL='-I${top_srcdir}/libltdl'
INSTALL_DATA='${INSTALL} -m 644'
INSTALL_PROGRAM='${INSTALL}'
INSTALL_SCRIPT='${INSTALL}'
INSTALL_STRIP_PROGRAM='${SHELL} $(install_sh) -c -s'
LDFLAGS=''
LIBLTDL='${top_builddir}/libltdl/libltdlc.la'
LIBOBJS=''
LIBS='-lpthread '
LIBTOOL='$(SHELL) $(top_builddir)/libtool'
LIBTOOL_DEPS='./ltmain.sh'
LN_S='ln -s'
LTLIBOBJS=''
MAKEINFO='makeinfo'
MIKMOD_FALSE=''
MIKMOD_TRUE=''
OBJEXT='o'
OPENGL_FALSE=''
OPENGL_TRUE=''
PACKAGE='The_Demo_Effects_Collection'
PACKAGE_BUGREPORT=''
PACKAGE_NAME=''
PACKAGE_STRING=''
PACKAGE_TARNAME=''
PACKAGE_VERSION=''
PATH_SEPARATOR=':'
QUICKTIME_FALSE=''
QUICKTIME_TRUE=''
RANLIB='ranlib'
SET_MAKE=''
SHELL='/bin/sh'
STRIP='strip'
VERSION='0.7.2'
X_CFLAGS=''
X_EXTRA_LIBS=''
X_LIBS=''
X_PRE_LIBS=''
ac_ct_AR='ar'
ac_ct_CC='gcc'
ac_ct_CXX='g++'
ac_ct_F77=''
ac_ct_RANLIB='ranlib'
ac_ct_STRIP='strip'
am__fastdepCC_FALSE='#'
am__fastdepCC_TRUE=''
am__fastdepCXX_FALSE='#'
am__fastdepCXX_TRUE=''
am__include='include'
am__leading_dot='.'
am__quote=''
am__tar='${AMTAR} chof - "$$tardir"'
am__untar='${AMTAR} xf -'
bindir='${exec_prefix}/bin'
build='i686-apple-darwin14.1.0'
build_alias=''
build_cpu='i686'
build_os='darwin14.1.0'
build_vendor='apple'
datadir='${prefix}/share'
exec_prefix='NONE'
host='i686-apple-darwin14.1.0'
host_alias=''
host_cpu='i686'
host_os='darwin14.1.0'
host_vendor='apple'
includedir='${prefix}/include'
infodir='${prefix}/info'
install_sh='/Volumes/Storehouse/Lagerplatz/Downloads/The_Demo_Effects_Collection-0.7.2/install-sh'
libdir='${exec_prefix}/lib'
libexecdir='${exec_prefix}/libexec'
localstatedir='${prefix}/var'
mandir='${prefix}/man'
mkdir_p='$(mkinstalldirs)'
oldincludedir='/usr/include'
prefix='NONE'
program_transform_name='s,x,x,'
sbindir='${exec_prefix}/sbin'
sharedstatedir='${prefix}/com'
subdirs=' libltdl'
sysconfdir='${prefix}/etc'
target='i686-apple-darwin14.1.0'
target_alias=''
target_cpu='i686'
target_os='darwin14.1.0'
target_vendor='apple'

## ----------- ##
## confdefs.h. ##
## ----------- ##

#define HAVE_DLFCN_H 1
#define HAVE_INTTYPES_H 1
#define HAVE_LIBPTHREAD 1
#define HAVE_MEMORY_H 1
#define HAVE_STDINT_H 1
#define HAVE_STDLIB_H 1
#define HAVE_STRINGS_H 1
#define HAVE_STRING_H 1
#define HAVE_SYS_STAT_H 1
#define HAVE_SYS_TYPES_H 1
#define HAVE_UNISTD_H 1
#define PACKAGE "The_Demo_Effects_Collection"
#define PACKAGE_BUGREPORT ""
#define PACKAGE_NAME ""
#define PACKAGE_STRING ""
#define PACKAGE_TARNAME ""
#define PACKAGE_VERSION ""
#define STDC_HEADERS 1
#define VERSION "0.7.2"
#endif
#ifdef __cplusplus
extern "C" void exit (int) throw ();

configure: exit 1
